[ERROR SQL]
insert into `xinhu_logintoken` set `token`='phwiv580',`uid`='1',`name`='管理员',`adddt`='2019-08-02 09:38:33',`moddt`='2019-08-02 09:38:33',`cfrom`='pc',`device`='1564709823769',`ip`='192.168.0.9',`web`='Chrome',`online`='1'

[Reason]
mysqliError:Table 'rockxinhu.xinhu_logintoken' doesn't exist

[URL]
http://192.168.0.9/index.php?a=check&m=login&d=&ajaxbool=true&rnd=756717

[POST]
[rempass]:0
[jmpass]:false
[device]:1564709823769
[ltype]:0
[adminuser]:YWRtaW4:
[adminpass]:enhjMTIz
[yanzm]:

[IP]
192.168.0.9

[datetime]
2019-08-02 09:38:33

[Browser]
Mozilla/5.0 (Windows NT 6.1; WOW64) AppleWebKit/537.36 (KHTML, like Gecko) Chrome/65.0.3325.181 Safari/537.36