[ERROR SQL]
SELECT count(1) FROM xinhu_log WHERE `level`=3 and `device`='1564709823769' and `optdt`>'2019-08-02 09:33:14'

[Reason]
mysqliError:Table 'rockxinhu.xinhu_log' doesn't exist

[URL]
http://192.168.0.9/index.php?a=check&m=login&d=&ajaxbool=true&rnd=843912

[POST]
[rempass]:0
[jmpass]:false
[device]:1564709823769
[ltype]:0
[adminuser]:YWRtaW4:
[adminpass]:enhjMTIz
[yanzm]:

[IP]
192.168.0.9

[datetime]
2019-08-02 09:38:14

[Browser]
Mozilla/5.0 (Windows NT 6.1; WOW64) AppleWebKit/537.36 (KHTML, like Gecko) Chrome/65.0.3325.181 Safari/537.36