[ERROR SQL]
SELECT token FROM xinhu_logintoken WHERE `token`='v448k8zg'

[Reason]
mysqliError:Table 'rockxinhu.xinhu_logintoken' doesn't exist

[URL]
http://192.168.0.9/index.php?a=check&m=login&d=&ajaxbool=true&rnd=635425

[POST]
[rempass]:0
[jmpass]:false
[device]:1564709823769
[ltype]:0
[adminuser]:YWRtaW4:
[adminpass]:enhjMTIz
[yanzm]:

[IP]
192.168.0.9

[datetime]
2019-08-02 09:37:27

[Browser]
Mozilla/5.0 (Windows NT 6.1; WOW64) AppleWebKit/537.36 (KHTML, like Gecko) Chrome/65.0.3325.181 Safari/537.36