[ERROR SQL]
insert into `xinhu_tjnews` set `0`=null,`1`=null,`2`=null,`mid`='92',`comid`='1'

[Reason]
mysqliError:Unknown column '0' in 'field list'

[URL]
http://xinhu.cc/index.php?a=save&m=mode_jsuser|input&d=flow&ajaxbool=true&rnd=534350

[POST]
[id]:0
[sub_totals0]:4
[sub_totals1]:10
[peoid]:技术类
[name]:在线
[num]:
[user]:123568902112
[sex]:男
[idnumber]:12315125
[address]:阿斯达岁的
[pass]:
[sort]:0
[pingyin]:
[deptname]:信呼开发团队
[deptid]:1
[ranking]:打野
[deptnames]:
[deptids]:
[rankings]:
[superman]:
[superid]:
[workdate]:2019-07-24
[companyid]:1
[temp_dwid]:
[dwid]:
[groupname]:
[mobile]:1810835749911
[tel]:
[email]:
[weixinid]:
[permittype]:商用驾驶员-直升机-等级-单发-水上单发
[num0_4]:1365
[name0_4]:阿斯达斯
[sex0_4]:男
[date0_4]:2019-07-24
[address0_4]:
[nationality0_4]:阿萨德
[term_validity0_4]:2019-07-24
[moretext0_4]:
[age1_10]:1
[anum1_10]:021311
[aname1_10]:阿斯达
[asex1_10]:男
[adate1_10]:2019-07-24
[anationality1_10]:阿斯达斯
[alimit1_10]:121,135
[adateissue1_10]:2019-07-24
[atermvalidity1_10]:2019-07-24
[bnum1_10]:
[bname1_10]:
[bsex1_10]:男
[bdate1_10]:2019-07-24
[bnationality1_10]:
[blimit1_10]:
[bdateissue1_10]:2019-07-24
[btermvalidity1_10]:2019-07-24
[sysmodeid]:95
[sysmodenum]:jsuser

[IP]
127.0.0.1

[datetime]
2019-07-24 16:20:42

[Browser]
Mozilla/5.0 (Windows NT 6.1; Win64; x64) AppleWebKit/537.36 (KHTML, like Gecko) Chrome/75.0.3770.90 Safari/537.36