[2019-07-31 16:24:10]:http://192.168.0.13/index.php?a=shengjianss&m=upgrade&d=system&ajaxbool=true&rnd=144647
CREATE TABLE `xinhu_officialfa` (
  `id` int(11) NOT NULL AUTO_INCREMENT,
  `uid` int(11) DEFAULT '0',
  `optdt` datetime DEFAULT NULL COMMENT '操作时间',
  `optid` smallint(6) DEFAULT '0',
  `optname` varchar(20) DEFAULT NULL COMMENT '操作人',
  `applydt` date DEFAULT NULL COMMENT '申请日期',
  `explain` varchar(500) DEFAULT NULL COMMENT '说明',
  `status` tinyint(1) DEFAULT '1' COMMENT '状态',
  `num` varchar(30) DEFAULT NULL COMMENT '公文编号',
  `title` varchar(255) DEFAULT NULL COMMENT '标题',
  `receid` varchar(2000) DEFAULT NULL,
  `recename` varchar(2000) DEFAULT NULL COMMENT '查阅人',
  `enddt` date DEFAULT NULL COMMENT '截止日期',
  `startdt` date DEFAULT NULL COMMENT '查阅日期',
  `gwid` int(11) DEFAULT '0' COMMENT '对应公文ID',
  `unitsame` varchar(200) DEFAULT NULL COMMENT '发文',
  PRIMARY KEY (`id`)
) ENGINE=MyISAM AUTO_INCREMENT=1 DEFAULT CHARSET=utf8