[2019-07-31 16:07:00]:http://192.168.0.13/index.php?a=shengjianss&m=upgrade&d=system&ajaxbool=true&rnd=770477
CREATE TABLE `xinhu_zding_user` (
  `id` int(11) NOT NULL AUTO_INCREMENT,
  `userid` varchar(30) NOT NULL DEFAULT '',
  `dingid` varchar(100) DEFAULT NULL COMMENT '钉钉ID',
  `name` varchar(20) DEFAULT NULL,
  `department` varchar(100) DEFAULT NULL,
  `position` varchar(20) DEFAULT NULL,
  `mobile` varchar(20) DEFAULT NULL,
  `gender` varchar(5) DEFAULT NULL,
  `email` varchar(50) DEFAULT NULL,
  `status` tinyint(1) DEFAULT '0' COMMENT '状态@1|已关注',
  `avatar` varchar(300) DEFAULT NULL COMMENT '头像url',
  `enable` tinyint(1) DEFAULT '1',
  `optdt` datetime DEFAULT NULL,
  `isleader` tinyint(1) DEFAULT '0' COMMENT '标示是否为上级',
  `tel` varchar(50) DEFAULT NULL COMMENT '电话',
  `order` int(11) DEFAULT '0' COMMENT '排序号',
  `jobnumber` varchar(30) DEFAULT NULL COMMENT '员工工号',
  `orgemail` varchar(100) DEFAULT NULL COMMENT '员工的企业邮箱',
  `hireddate` date DEFAULT NULL COMMENT '入住日期',
  PRIMARY KEY (`id`,`userid`)
) ENGINE=MyISAM AUTO_INCREMENT=1 DEFAULT CHARSET=utf8